The system is: Linux - 6.8.0-90-generic - x86_64
Compiling the C compiler identification source file "CMakeCCompilerId.c" succeeded.
Compiler: /opt/xtensa-esp-elf/bin/xtensa-esp-elf-gcc 
Build flags: 
Id flags:  

The output was:
0


Compilation of the C compiler identification source "CMakeCCompilerId.c" produced "a.out"

The C compiler identification is GNU, found in "/home/yxh/ros2_ws/src/build/CMakeFiles/3.22.1/CompilerIdC/a.out"

Compiling the CXX compiler identification source file "CMakeCXXCompilerId.cpp" succeeded.
Compiler: /opt/xtensa-esp-elf/bin/xtensa-esp-elf-g++ 
Build flags: 
Id flags:  

The output was:
0


Compilation of the CXX compiler identification source "CMakeCXXCompilerId.cpp" produced "a.out"

The CXX compiler identification is GNU, found in "/home/yxh/ros2_ws/src/build/CMakeFiles/3.22.1/CompilerIdCXX/a.out"

Detecting C compiler ABI info compiled with the following output:
Change Dir: /home/yxh/ros2_ws/src/build/CMakeFiles/CMakeTmp

Run Build Command(s):/usr/bin/ninja cmTC_11e89 && [1/2] Building C object CMakeFiles/cmTC_11e89.dir/CMakeCCompilerABI.c.o
Using built-in specs.
COLLECT_GCC=/opt/xtensa-esp-elf/bin/xtensa-esp-elf-gcc
Target: xtensa-esp-elf
Configured with: /builds/idf/crosstool-NG/.build/xtensa-esp-elf/src/gcc/configure --build=x86_64-build_pc-linux-gnu --host=x86_64-build_pc-linux-gnu --target=xtensa-esp-elf --prefix=/builds/idf/crosstool-NG/builds/xtensa-esp-elf --exec_prefix=/builds/idf/crosstool-NG/builds/xtensa-esp-elf --with-local-prefix=/builds/idf/crosstool-NG/builds/xtensa-esp-elf/xtensa-esp-elf --with-sysroot=/builds/idf/crosstool-NG/builds/xtensa-esp-elf/xtensa-esp-elf --with-native-system-header-dir=/include --with-newlib --enable-threads=no --disable-shared --with-pkgversion='crosstool-NG esp-13.2.0_20240530' --disable-__cxa_atexit --enable-cxx-flags=-ffunction-sections --disable-libgomp --disable-libmudflap --disable-libmpx --disable-libssp --disable-libquadmath --disable-libquadmath-support --disable-libstdcxx-verbose --with-gmp=/builds/idf/crosstool-NG/.build/xtensa-esp-elf/buildtools --with-mpfr=/builds/idf/crosstool-NG/.build/xtensa-esp-elf/buildtools --with-mpc=/builds/idf/crosstool-NG/.build/xtensa-esp-elf/buildtools --with-isl=/builds/idf/crosstool-NG/.build/xtensa-esp-elf/buildtools --enable-lto --enable-target-optspace --without-long-double-128 --disable-nls --enable-multiarch --enable-languages=c,c++ --disable-libstdcxx-verbose --enable-threads=posix --enable-gcov-custom-rtio --enable-libstdcxx-time=yes
Thread model: posix
Supported LTO compression algorithms: zlib zstd
gcc version 13.2.0 (crosstool-NG esp-13.2.0_20240530) 
COLLECT_GCC_OPTIONS='-v' '-o' 'CMakeFiles/cmTC_11e89.dir/CMakeCCompilerABI.c.o' '-c' '-dumpdir' 'CMakeFiles/cmTC_11e89.dir/'
 /opt/xtensa-esp-elf/bin/../libexec/gcc/xtensa-esp-elf/13.2.0/cc1 -quiet -v -iprefix /opt/xtensa-esp-elf/bin/../lib/gcc/xtensa-esp-elf/13.2.0/ -isysroot /opt/xtensa-esp-elf/bin/../xtensa-esp-elf /usr/share/cmake-3.22/Modules/CMakeCCompilerABI.c -quiet -dumpdir CMakeFiles/cmTC_11e89.dir/ -dumpbase CMakeCCompilerABI.c.c -dumpbase-ext .c -version -o /tmp/ccJuC7PT.s
GNU C17 (crosstool-NG esp-13.2.0_20240530) version 13.2.0 (xtensa-esp-elf)
	compiled by GNU C version 4.9.2, GMP version 6.2.1, MPFR version 4.2.1, MPC version 1.2.1, isl version isl-0.26-GMP

GGC heuristics: --param ggc-min-expand=100 --param ggc-min-heapsize=131072
ignoring duplicate directory "/opt/xtensa-esp-elf/bin/../lib/gcc/../../lib/gcc/xtensa-esp-elf/13.2.0/include"
ignoring nonexistent directory "/opt/xtensa-esp-elf/bin/../xtensa-esp-elf/builds/idf/crosstool-NG/builds/xtensa-esp-elf/xtensa-esp-elf/include"
ignoring duplicate directory "/opt/xtensa-esp-elf/bin/../lib/gcc/../../lib/gcc/xtensa-esp-elf/13.2.0/include-fixed"
ignoring duplicate directory "/opt/xtensa-esp-elf/bin/../lib/gcc/../../lib/gcc/xtensa-esp-elf/13.2.0/../../../../xtensa-esp-elf/include"
ignoring duplicate directory "/opt/xtensa-esp-elf/bin/../xtensa-esp-elf/include"
#include "..." search starts here:
#include <...> search starts here:
 /opt/xtensa-esp-elf/bin/../lib/gcc/xtensa-esp-elf/13.2.0/include
 /opt/xtensa-esp-elf/bin/../lib/gcc/xtensa-esp-elf/13.2.0/include-fixed
 /opt/xtensa-esp-elf/bin/../lib/gcc/xtensa-esp-elf/13.2.0/../../../../xtensa-esp-elf/include
End of search list.
Compiler executable checksum: 04f722bf4d5065be88f50c6fb8209fb6
COLLECT_GCC_OPTIONS='-v' '-o' 'CMakeFiles/cmTC_11e89.dir/CMakeCCompilerABI.c.o' '-c' '-dumpdir' 'CMakeFiles/cmTC_11e89.dir/'
 /opt/xtensa-esp-elf/bin/../lib/gcc/xtensa-esp-elf/13.2.0/../../../../xtensa-esp-elf/bin/as --traditional-format -o CMakeFiles/cmTC_11e89.dir/CMakeCCompilerABI.c.o /tmp/ccJuC7PT.s
COMPILER_PATH=/opt/xtensa-esp-elf/bin/../libexec/gcc/xtensa-esp-elf/13.2.0/:/opt/xtensa-esp-elf/bin/../libexec/gcc/:/opt/xtensa-esp-elf/bin/../lib/gcc/xtensa-esp-elf/13.2.0/../../../../xtensa-esp-elf/bin/
LIBRARY_PATH=/opt/xtensa-esp-elf/bin/../lib/gcc/xtensa-esp-elf/13.2.0/:/opt/xtensa-esp-elf/bin/../lib/gcc/:/opt/xtensa-esp-elf/bin/../lib/gcc/xtensa-esp-elf/13.2.0/../../../../xtensa-esp-elf/lib/:/opt/xtensa-esp-elf/bin/../xtensa-esp-elf/lib/:/opt/xtensa-esp-elf/bin/../xtensa-esp-elf/usr/lib/
COLLECT_GCC_OPTIONS='-v' '-o' 'CMakeFiles/cmTC_11e89.dir/CMakeCCompilerABI.c.o' '-c' '-dumpdir' 'CMakeFiles/cmTC_11e89.dir/CMakeCCompilerABI.c.'
[2/2] Linking C executable cmTC_11e89
Using built-in specs.
COLLECT_GCC=/opt/xtensa-esp-elf/bin/xtensa-esp-elf-gcc
COLLECT_LTO_WRAPPER=/opt/xtensa-esp-elf/bin/../libexec/gcc/xtensa-esp-elf/13.2.0/lto-wrapper
Target: xtensa-esp-elf
Configured with: /builds/idf/crosstool-NG/.build/xtensa-esp-elf/src/gcc/configure --build=x86_64-build_pc-linux-gnu --host=x86_64-build_pc-linux-gnu --target=xtensa-esp-elf --prefix=/builds/idf/crosstool-NG/builds/xtensa-esp-elf --exec_prefix=/builds/idf/crosstool-NG/builds/xtensa-esp-elf --with-local-prefix=/builds/idf/crosstool-NG/builds/xtensa-esp-elf/xtensa-esp-elf --with-sysroot=/builds/idf/crosstool-NG/builds/xtensa-esp-elf/xtensa-esp-elf --with-native-system-header-dir=/include --with-newlib --enable-threads=no --disable-shared --with-pkgversion='crosstool-NG esp-13.2.0_20240530' --disable-__cxa_atexit --enable-cxx-flags=-ffunction-sections --disable-libgomp --disable-libmudflap --disable-libmpx --disable-libssp --disable-libquadmath --disable-libquadmath-support --disable-libstdcxx-verbose --with-gmp=/builds/idf/crosstool-NG/.build/xtensa-esp-elf/buildtools --with-mpfr=/builds/idf/crosstool-NG/.build/xtensa-esp-elf/buildtools --with-mpc=/builds/idf/crosstool-NG/.build/xtensa-esp-elf/buildtools --with-isl=/builds/idf/crosstool-NG/.build/xtensa-esp-elf/buildtools --enable-lto --enable-target-optspace --without-long-double-128 --disable-nls --enable-multiarch --enable-languages=c,c++ --disable-libstdcxx-verbose --enable-threads=posix --enable-gcov-custom-rtio --enable-libstdcxx-time=yes
Thread model: posix
Supported LTO compression algorithms: zlib zstd
gcc version 13.2.0 (crosstool-NG esp-13.2.0_20240530) 
COMPILER_PATH=/opt/xtensa-esp-elf/bin/../libexec/gcc/xtensa-esp-elf/13.2.0/:/opt/xtensa-esp-elf/bin/../libexec/gcc/:/opt/xtensa-esp-elf/bin/../lib/gcc/xtensa-esp-elf/13.2.0/../../../../xtensa-esp-elf/bin/
LIBRARY_PATH=/opt/xtensa-esp-elf/bin/../lib/gcc/xtensa-esp-elf/13.2.0/:/opt/xtensa-esp-elf/bin/../lib/gcc/:/opt/xtensa-esp-elf/bin/../lib/gcc/xtensa-esp-elf/13.2.0/../../../../xtensa-esp-elf/lib/:/opt/xtensa-esp-elf/bin/../xtensa-esp-elf/lib/:/opt/xtensa-esp-elf/bin/../xtensa-esp-elf/usr/lib/
COLLECT_GCC_OPTIONS='-v' '-o' 'cmTC_11e89' '-dumpdir' 'cmTC_11e89.'
 /opt/xtensa-esp-elf/bin/../libexec/gcc/xtensa-esp-elf/13.2.0/collect2 -plugin /opt/xtensa-esp-elf/bin/../libexec/gcc/xtensa-esp-elf/13.2.0/liblto_plugin.so -plugin-opt=/opt/xtensa-esp-elf/bin/../libexec/gcc/xtensa-esp-elf/13.2.0/lto-wrapper -plugin-opt=-fresolution=/tmp/ccZX9lxh.res -plugin-opt=-pass-through=-lgcc -plugin-opt=-pass-through=-lc -plugin-opt=-pass-through=-lnosys -plugin-opt=-pass-through=-lc -plugin-opt=-pass-through=-lgcc --sysroot=/opt/xtensa-esp-elf/bin/../xtensa-esp-elf -o cmTC_11e89 /opt/xtensa-esp-elf/bin/../lib/gcc/xtensa-esp-elf/13.2.0/../../../../xtensa-esp-elf/lib/crt0.o /opt/xtensa-esp-elf/bin/../lib/gcc/xtensa-esp-elf/13.2.0/crti.o /opt/xtensa-esp-elf/bin/../lib/gcc/xtensa-esp-elf/13.2.0/crtbegin.o -L/opt/xtensa-esp-elf/bin/../lib/gcc/xtensa-esp-elf/13.2.0 -L/opt/xtensa-esp-elf/bin/../lib/gcc -L/opt/xtensa-esp-elf/bin/../lib/gcc/xtensa-esp-elf/13.2.0/../../../../xtensa-esp-elf/lib -L/opt/xtensa-esp-elf/bin/../xtensa-esp-elf/lib -L/opt/xtensa-esp-elf/bin/../xtensa-esp-elf/usr/lib CMakeFiles/cmTC_11e89.dir/CMakeCCompilerABI.c.o -lgcc -lc -lnosys -lc -lgcc /opt/xtensa-esp-elf/bin/../lib/gcc/xtensa-esp-elf/13.2.0/crtend.o /opt/xtensa-esp-elf/bin/../lib/gcc/xtensa-esp-elf/13.2.0/crtn.o
COLLECT_GCC_OPTIONS='-v' '-o' 'cmTC_11e89' '-dumpdir' 'cmTC_11e89.'



Parsed C implicit include dir info from above output: rv=done
  found start of include info
  found start of implicit include info
    add: [/opt/xtensa-esp-elf/bin/../lib/gcc/xtensa-esp-elf/13.2.0/include]
    add: [/opt/xtensa-esp-elf/bin/../lib/gcc/xtensa-esp-elf/13.2.0/include-fixed]
    add: [/opt/xtensa-esp-elf/bin/../lib/gcc/xtensa-esp-elf/13.2.0/../../../../xtensa-esp-elf/include]
  end of search list found
  collapse include dir [/opt/xtensa-esp-elf/bin/../lib/gcc/xtensa-esp-elf/13.2.0/include] ==> [/opt/xtensa-esp-elf/lib/gcc/xtensa-esp-elf/13.2.0/include]
  collapse include dir [/opt/xtensa-esp-elf/bin/../lib/gcc/xtensa-esp-elf/13.2.0/include-fixed] ==> [/opt/xtensa-esp-elf/lib/gcc/xtensa-esp-elf/13.2.0/include-fixed]
  collapse include dir [/opt/xtensa-esp-elf/bin/../lib/gcc/xtensa-esp-elf/13.2.0/../../../../xtensa-esp-elf/include] ==> [/opt/xtensa-esp-elf/xtensa-esp-elf/include]
  implicit include dirs: [/opt/xtensa-esp-elf/lib/gcc/xtensa-esp-elf/13.2.0/include;/opt/xtensa-esp-elf/lib/gcc/xtensa-esp-elf/13.2.0/include-fixed;/opt/xtensa-esp-elf/xtensa-esp-elf/include]


Parsed C implicit link information from above output:
  link line regex: [^( *|.*[/\])(xtensa-esp-elf-ld|CMAKE_LINK_STARTFILE-NOTFOUND|([^/\]+-)?ld|collect2)[^/\]*( |$)]
  ignore line: [Change Dir: /home/yxh/ros2_ws/src/build/CMakeFiles/CMakeTmp]
  ignore line: []
  ignore line: [Run Build Command(s):/usr/bin/ninja cmTC_11e89 && [1/2] Building C object CMakeFiles/cmTC_11e89.dir/CMakeCCompilerABI.c.o]
  ignore line: [Using built-in specs.]
  ignore line: [COLLECT_GCC=/opt/xtensa-esp-elf/bin/xtensa-esp-elf-gcc]
  ignore line: [Target: xtensa-esp-elf]
  ignore line: [Configured with: /builds/idf/crosstool-NG/.build/xtensa-esp-elf/src/gcc/configure --build=x86_64-build_pc-linux-gnu --host=x86_64-build_pc-linux-gnu --target=xtensa-esp-elf --prefix=/builds/idf/crosstool-NG/builds/xtensa-esp-elf --exec_prefix=/builds/idf/crosstool-NG/builds/xtensa-esp-elf --with-local-prefix=/builds/idf/crosstool-NG/builds/xtensa-esp-elf/xtensa-esp-elf --with-sysroot=/builds/idf/crosstool-NG/builds/xtensa-esp-elf/xtensa-esp-elf --with-native-system-header-dir=/include --with-newlib --enable-threads=no --disable-shared --with-pkgversion='crosstool-NG esp-13.2.0_20240530' --disable-__cxa_atexit --enable-cxx-flags=-ffunction-sections --disable-libgomp --disable-libmudflap --disable-libmpx --disable-libssp --disable-libquadmath --disable-libquadmath-support --disable-libstdcxx-verbose --with-gmp=/builds/idf/crosstool-NG/.build/xtensa-esp-elf/buildtools --with-mpfr=/builds/idf/crosstool-NG/.build/xtensa-esp-elf/buildtools --with-mpc=/builds/idf/crosstool-NG/.build/xtensa-esp-elf/buildtools --with-isl=/builds/idf/crosstool-NG/.build/xtensa-esp-elf/buildtools --enable-lto --enable-target-optspace --without-long-double-128 --disable-nls --enable-multiarch --enable-languages=c c++ --disable-libstdcxx-verbose --enable-threads=posix --enable-gcov-custom-rtio --enable-libstdcxx-time=yes]
  ignore line: [Thread model: posix]
  ignore line: [Supported LTO compression algorithms: zlib zstd]
  ignore line: [gcc version 13.2.0 (crosstool-NG esp-13.2.0_20240530) ]
  ignore line: [COLLECT_GCC_OPTIONS='-v' '-o' 'CMakeFiles/cmTC_11e89.dir/CMakeCCompilerABI.c.o' '-c' '-dumpdir' 'CMakeFiles/cmTC_11e89.dir/']
  ignore line: [ /opt/xtensa-esp-elf/bin/../libexec/gcc/xtensa-esp-elf/13.2.0/cc1 -quiet -v -iprefix /opt/xtensa-esp-elf/bin/../lib/gcc/xtensa-esp-elf/13.2.0/ -isysroot /opt/xtensa-esp-elf/bin/../xtensa-esp-elf /usr/share/cmake-3.22/Modules/CMakeCCompilerABI.c -quiet -dumpdir CMakeFiles/cmTC_11e89.dir/ -dumpbase CMakeCCompilerABI.c.c -dumpbase-ext .c -version -o /tmp/ccJuC7PT.s]
  ignore line: [GNU C17 (crosstool-NG esp-13.2.0_20240530) version 13.2.0 (xtensa-esp-elf)]
  ignore line: [	compiled by GNU C version 4.9.2  GMP version 6.2.1  MPFR version 4.2.1  MPC version 1.2.1  isl version isl-0.26-GMP]
  ignore line: []
  ignore line: [GGC heuristics: --param ggc-min-expand=100 --param ggc-min-heapsize=131072]
  ignore line: [ignoring duplicate directory "/opt/xtensa-esp-elf/bin/../lib/gcc/../../lib/gcc/xtensa-esp-elf/13.2.0/include"]
  ignore line: [ignoring nonexistent directory "/opt/xtensa-esp-elf/bin/../xtensa-esp-elf/builds/idf/crosstool-NG/builds/xtensa-esp-elf/xtensa-esp-elf/include"]
  ignore line: [ignoring duplicate directory "/opt/xtensa-esp-elf/bin/../lib/gcc/../../lib/gcc/xtensa-esp-elf/13.2.0/include-fixed"]
  ignore line: [ignoring duplicate directory "/opt/xtensa-esp-elf/bin/../lib/gcc/../../lib/gcc/xtensa-esp-elf/13.2.0/../../../../xtensa-esp-elf/include"]
  ignore line: [ignoring duplicate directory "/opt/xtensa-esp-elf/bin/../xtensa-esp-elf/include"]
  ignore line: [#include "..." search starts here:]
  ignore line: [#include <...> search starts here:]
  ignore line: [ /opt/xtensa-esp-elf/bin/../lib/gcc/xtensa-esp-elf/13.2.0/include]
  ignore line: [ /opt/xtensa-esp-elf/bin/../lib/gcc/xtensa-esp-elf/13.2.0/include-fixed]
  ignore line: [ /opt/xtensa-esp-elf/bin/../lib/gcc/xtensa-esp-elf/13.2.0/../../../../xtensa-esp-elf/include]
  ignore line: [End of search list.]
  ignore line: [Compiler executable checksum: 04f722bf4d5065be88f50c6fb8209fb6]
  ignore line: [COLLECT_GCC_OPTIONS='-v' '-o' 'CMakeFiles/cmTC_11e89.dir/CMakeCCompilerABI.c.o' '-c' '-dumpdir' 'CMakeFiles/cmTC_11e89.dir/']
  ignore line: [ /opt/xtensa-esp-elf/bin/../lib/gcc/xtensa-esp-elf/13.2.0/../../../../xtensa-esp-elf/bin/as --traditional-format -o CMakeFiles/cmTC_11e89.dir/CMakeCCompilerABI.c.o /tmp/ccJuC7PT.s]
  ignore line: [COMPILER_PATH=/opt/xtensa-esp-elf/bin/../libexec/gcc/xtensa-esp-elf/13.2.0/:/opt/xtensa-esp-elf/bin/../libexec/gcc/:/opt/xtensa-esp-elf/bin/../lib/gcc/xtensa-esp-elf/13.2.0/../../../../xtensa-esp-elf/bin/]
  ignore line: [LIBRARY_PATH=/opt/xtensa-esp-elf/bin/../lib/gcc/xtensa-esp-elf/13.2.0/:/opt/xtensa-esp-elf/bin/../lib/gcc/:/opt/xtensa-esp-elf/bin/../lib/gcc/xtensa-esp-elf/13.2.0/../../../../xtensa-esp-elf/lib/:/opt/xtensa-esp-elf/bin/../xtensa-esp-elf/lib/:/opt/xtensa-esp-elf/bin/../xtensa-esp-elf/usr/lib/]
  ignore line: [COLLECT_GCC_OPTIONS='-v' '-o' 'CMakeFiles/cmTC_11e89.dir/CMakeCCompilerABI.c.o' '-c' '-dumpdir' 'CMakeFiles/cmTC_11e89.dir/CMakeCCompilerABI.c.']
  ignore line: [[2/2] Linking C executable cmTC_11e89]
  ignore line: [Using built-in specs.]
  ignore line: [COLLECT_GCC=/opt/xtensa-esp-elf/bin/xtensa-esp-elf-gcc]
  ignore line: [COLLECT_LTO_WRAPPER=/opt/xtensa-esp-elf/bin/../libexec/gcc/xtensa-esp-elf/13.2.0/lto-wrapper]
  ignore line: [Target: xtensa-esp-elf]
  ignore line: [Configured with: /builds/idf/crosstool-NG/.build/xtensa-esp-elf/src/gcc/configure --build=x86_64-build_pc-linux-gnu --host=x86_64-build_pc-linux-gnu --target=xtensa-esp-elf --prefix=/builds/idf/crosstool-NG/builds/xtensa-esp-elf --exec_prefix=/builds/idf/crosstool-NG/builds/xtensa-esp-elf --with-local-prefix=/builds/idf/crosstool-NG/builds/xtensa-esp-elf/xtensa-esp-elf --with-sysroot=/builds/idf/crosstool-NG/builds/xtensa-esp-elf/xtensa-esp-elf --with-native-system-header-dir=/include --with-newlib --enable-threads=no --disable-shared --with-pkgversion='crosstool-NG esp-13.2.0_20240530' --disable-__cxa_atexit --enable-cxx-flags=-ffunction-sections --disable-libgomp --disable-libmudflap --disable-libmpx --disable-libssp --disable-libquadmath --disable-libquadmath-support --disable-libstdcxx-verbose --with-gmp=/builds/idf/crosstool-NG/.build/xtensa-esp-elf/buildtools --with-mpfr=/builds/idf/crosstool-NG/.build/xtensa-esp-elf/buildtools --with-mpc=/builds/idf/crosstool-NG/.build/xtensa-esp-elf/buildtools --with-isl=/builds/idf/crosstool-NG/.build/xtensa-esp-elf/buildtools --enable-lto --enable-target-optspace --without-long-double-128 --disable-nls --enable-multiarch --enable-languages=c c++ --disable-libstdcxx-verbose --enable-threads=posix --enable-gcov-custom-rtio --enable-libstdcxx-time=yes]
  ignore line: [Thread model: posix]
  ignore line: [Supported LTO compression algorithms: zlib zstd]
  ignore line: [gcc version 13.2.0 (crosstool-NG esp-13.2.0_20240530) ]
  ignore line: [COMPILER_PATH=/opt/xtensa-esp-elf/bin/../libexec/gcc/xtensa-esp-elf/13.2.0/:/opt/xtensa-esp-elf/bin/../libexec/gcc/:/opt/xtensa-esp-elf/bin/../lib/gcc/xtensa-esp-elf/13.2.0/../../../../xtensa-esp-elf/bin/]
  ignore line: [LIBRARY_PATH=/opt/xtensa-esp-elf/bin/../lib/gcc/xtensa-esp-elf/13.2.0/:/opt/xtensa-esp-elf/bin/../lib/gcc/:/opt/xtensa-esp-elf/bin/../lib/gcc/xtensa-esp-elf/13.2.0/../../../../xtensa-esp-elf/lib/:/opt/xtensa-esp-elf/bin/../xtensa-esp-elf/lib/:/opt/xtensa-esp-elf/bin/../xtensa-esp-elf/usr/lib/]
  ignore line: [COLLECT_GCC_OPTIONS='-v' '-o' 'cmTC_11e89' '-dumpdir' 'cmTC_11e89.']
  link line: [ /opt/xtensa-esp-elf/bin/../libexec/gcc/xtensa-esp-elf/13.2.0/collect2 -plugin /opt/xtensa-esp-elf/bin/../libexec/gcc/xtensa-esp-elf/13.2.0/liblto_plugin.so -plugin-opt=/opt/xtensa-esp-elf/bin/../libexec/gcc/xtensa-esp-elf/13.2.0/lto-wrapper -plugin-opt=-fresolution=/tmp/ccZX9lxh.res -plugin-opt=-pass-through=-lgcc -plugin-opt=-pass-through=-lc -plugin-opt=-pass-through=-lnosys -plugin-opt=-pass-through=-lc -plugin-opt=-pass-through=-lgcc --sysroot=/opt/xtensa-esp-elf/bin/../xtensa-esp-elf -o cmTC_11e89 /opt/xtensa-esp-elf/bin/../lib/gcc/xtensa-esp-elf/13.2.0/../../../../xtensa-esp-elf/lib/crt0.o /opt/xtensa-esp-elf/bin/../lib/gcc/xtensa-esp-elf/13.2.0/crti.o /opt/xtensa-esp-elf/bin/../lib/gcc/xtensa-esp-elf/13.2.0/crtbegin.o -L/opt/xtensa-esp-elf/bin/../lib/gcc/xtensa-esp-elf/13.2.0 -L/opt/xtensa-esp-elf/bin/../lib/gcc -L/opt/xtensa-esp-elf/bin/../lib/gcc/xtensa-esp-elf/13.2.0/../../../../xtensa-esp-elf/lib -L/opt/xtensa-esp-elf/bin/../xtensa-esp-elf/lib -L/opt/xtensa-esp-elf/bin/../xtensa-esp-elf/usr/lib CMakeFiles/cmTC_11e89.dir/CMakeCCompilerABI.c.o -lgcc -lc -lnosys -lc -lgcc /opt/xtensa-esp-elf/bin/../lib/gcc/xtensa-esp-elf/13.2.0/crtend.o /opt/xtensa-esp-elf/bin/../lib/gcc/xtensa-esp-elf/13.2.0/crtn.o]
    arg [/opt/xtensa-esp-elf/bin/../libexec/gcc/xtensa-esp-elf/13.2.0/collect2] ==> ignore
    arg [-plugin] ==> ignore
    arg [/opt/xtensa-esp-elf/bin/../libexec/gcc/xtensa-esp-elf/13.2.0/liblto_plugin.so] ==> ignore
    arg [-plugin-opt=/opt/xtensa-esp-elf/bin/../libexec/gcc/xtensa-esp-elf/13.2.0/lto-wrapper] ==> ignore
    arg [-plugin-opt=-fresolution=/tmp/ccZX9lxh.res] ==> ignore
    arg [-plugin-opt=-pass-through=-lgcc] ==> ignore
    arg [-plugin-opt=-pass-through=-lc] ==> ignore
    arg [-plugin-opt=-pass-through=-lnosys] ==> ignore
    arg [-plugin-opt=-pass-through=-lc] ==> ignore
    arg [-plugin-opt=-pass-through=-lgcc] ==> ignore
    arg [--sysroot=/opt/xtensa-esp-elf/bin/../xtensa-esp-elf] ==> ignore
    arg [-o] ==> ignore
    arg [cmTC_11e89] ==> ignore
    arg [/opt/xtensa-esp-elf/bin/../lib/gcc/xtensa-esp-elf/13.2.0/../../../../xtensa-esp-elf/lib/crt0.o] ==> obj [/opt/xtensa-esp-elf/bin/../lib/gcc/xtensa-esp-elf/13.2.0/../../../../xtensa-esp-elf/lib/crt0.o]
    arg [/opt/xtensa-esp-elf/bin/../lib/gcc/xtensa-esp-elf/13.2.0/crti.o] ==> obj [/opt/xtensa-esp-elf/bin/../lib/gcc/xtensa-esp-elf/13.2.0/crti.o]
    arg [/opt/xtensa-esp-elf/bin/../lib/gcc/xtensa-esp-elf/13.2.0/crtbegin.o] ==> obj [/opt/xtensa-esp-elf/bin/../lib/gcc/xtensa-esp-elf/13.2.0/crtbegin.o]
    arg [-L/opt/xtensa-esp-elf/bin/../lib/gcc/xtensa-esp-elf/13.2.0] ==> dir [/opt/xtensa-esp-elf/bin/../lib/gcc/xtensa-esp-elf/13.2.0]
    arg [-L/opt/xtensa-esp-elf/bin/../lib/gcc] ==> dir [/opt/xtensa-esp-elf/bin/../lib/gcc]
    arg [-L/opt/xtensa-esp-elf/bin/../lib/gcc/xtensa-esp-elf/13.2.0/../../../../xtensa-esp-elf/lib] ==> dir [/opt/xtensa-esp-elf/bin/../lib/gcc/xtensa-esp-elf/13.2.0/../../../../xtensa-esp-elf/lib]
    arg [-L/opt/xtensa-esp-elf/bin/../xtensa-esp-elf/lib] ==> dir [/opt/xtensa-esp-elf/bin/../xtensa-esp-elf/lib]
    arg [-L/opt/xtensa-esp-elf/bin/../xtensa-esp-elf/usr/lib] ==> dir [/opt/xtensa-esp-elf/bin/../xtensa-esp-elf/usr/lib]
    arg [CMakeFiles/cmTC_11e89.dir/CMakeCCompilerABI.c.o] ==> ignore
    arg [-lgcc] ==> lib [gcc]
    arg [-lc] ==> lib [c]
    arg [-lnosys] ==> lib [nosys]
    arg [-lc] ==> lib [c]
    arg [-lgcc] ==> lib [gcc]
    arg [/opt/xtensa-esp-elf/bin/../lib/gcc/xtensa-esp-elf/13.2.0/crtend.o] ==> obj [/opt/xtensa-esp-elf/bin/../lib/gcc/xtensa-esp-elf/13.2.0/crtend.o]
    arg [/opt/xtensa-esp-elf/bin/../lib/gcc/xtensa-esp-elf/13.2.0/crtn.o] ==> obj [/opt/xtensa-esp-elf/bin/../lib/gcc/xtensa-esp-elf/13.2.0/crtn.o]
  collapse obj [/opt/xtensa-esp-elf/bin/../lib/gcc/xtensa-esp-elf/13.2.0/../../../../xtensa-esp-elf/lib/crt0.o] ==> [/opt/xtensa-esp-elf/xtensa-esp-elf/lib/crt0.o]
  collapse obj [/opt/xtensa-esp-elf/bin/../lib/gcc/xtensa-esp-elf/13.2.0/crti.o] ==> [/opt/xtensa-esp-elf/lib/gcc/xtensa-esp-elf/13.2.0/crti.o]
  collapse obj [/opt/xtensa-esp-elf/bin/../lib/gcc/xtensa-esp-elf/13.2.0/crtbegin.o] ==> [/opt/xtensa-esp-elf/lib/gcc/xtensa-esp-elf/13.2.0/crtbegin.o]
  collapse obj [/opt/xtensa-esp-elf/bin/../lib/gcc/xtensa-esp-elf/13.2.0/crtend.o] ==> [/opt/xtensa-esp-elf/lib/gcc/xtensa-esp-elf/13.2.0/crtend.o]
  collapse obj [/opt/xtensa-esp-elf/bin/../lib/gcc/xtensa-esp-elf/13.2.0/crtn.o] ==> [/opt/xtensa-esp-elf/lib/gcc/xtensa-esp-elf/13.2.0/crtn.o]
  collapse library dir [/opt/xtensa-esp-elf/bin/../lib/gcc/xtensa-esp-elf/13.2.0] ==> [/opt/xtensa-esp-elf/lib/gcc/xtensa-esp-elf/13.2.0]
  collapse library dir [/opt/xtensa-esp-elf/bin/../lib/gcc] ==> [/opt/xtensa-esp-elf/lib/gcc]
  collapse library dir [/opt/xtensa-esp-elf/bin/../lib/gcc/xtensa-esp-elf/13.2.0/../../../../xtensa-esp-elf/lib] ==> [/opt/xtensa-esp-elf/xtensa-esp-elf/lib]
  collapse library dir [/opt/xtensa-esp-elf/bin/../xtensa-esp-elf/lib] ==> [/opt/xtensa-esp-elf/xtensa-esp-elf/lib]
  collapse library dir [/opt/xtensa-esp-elf/bin/../xtensa-esp-elf/usr/lib] ==> [/opt/xtensa-esp-elf/xtensa-esp-elf/usr/lib]
  implicit libs: [gcc;c;nosys;c;gcc]
  implicit objs: [/opt/xtensa-esp-elf/xtensa-esp-elf/lib/crt0.o;/opt/xtensa-esp-elf/lib/gcc/xtensa-esp-elf/13.2.0/crti.o;/opt/xtensa-esp-elf/lib/gcc/xtensa-esp-elf/13.2.0/crtbegin.o;/opt/xtensa-esp-elf/lib/gcc/xtensa-esp-elf/13.2.0/crtend.o;/opt/xtensa-esp-elf/lib/gcc/xtensa-esp-elf/13.2.0/crtn.o]
  implicit dirs: [/opt/xtensa-esp-elf/lib/gcc/xtensa-esp-elf/13.2.0;/opt/xtensa-esp-elf/lib/gcc;/opt/xtensa-esp-elf/xtensa-esp-elf/lib;/opt/xtensa-esp-elf/xtensa-esp-elf/usr/lib]
  implicit fwks: []


Detecting CXX compiler ABI info compiled with the following output:
Change Dir: /home/yxh/ros2_ws/src/build/CMakeFiles/CMakeTmp

Run Build Command(s):/usr/bin/ninja cmTC_8cab2 && [1/2] Building CXX object CMakeFiles/cmTC_8cab2.dir/CMakeCXXCompilerABI.cpp.o
Using built-in specs.
COLLECT_GCC=/opt/xtensa-esp-elf/bin/xtensa-esp-elf-g++
Target: xtensa-esp-elf
Configured with: /builds/idf/crosstool-NG/.build/xtensa-esp-elf/src/gcc/configure --build=x86_64-build_pc-linux-gnu --host=x86_64-build_pc-linux-gnu --target=xtensa-esp-elf --prefix=/builds/idf/crosstool-NG/builds/xtensa-esp-elf --exec_prefix=/builds/idf/crosstool-NG/builds/xtensa-esp-elf --with-local-prefix=/builds/idf/crosstool-NG/builds/xtensa-esp-elf/xtensa-esp-elf --with-sysroot=/builds/idf/crosstool-NG/builds/xtensa-esp-elf/xtensa-esp-elf --with-native-system-header-dir=/include --with-newlib --enable-threads=no --disable-shared --with-pkgversion='crosstool-NG esp-13.2.0_20240530' --disable-__cxa_atexit --enable-cxx-flags=-ffunction-sections --disable-libgomp --disable-libmudflap --disable-libmpx --disable-libssp --disable-libquadmath --disable-libquadmath-support --disable-libstdcxx-verbose --with-gmp=/builds/idf/crosstool-NG/.build/xtensa-esp-elf/buildtools --with-mpfr=/builds/idf/crosstool-NG/.build/xtensa-esp-elf/buildtools --with-mpc=/builds/idf/crosstool-NG/.build/xtensa-esp-elf/buildtools --with-isl=/builds/idf/crosstool-NG/.build/xtensa-esp-elf/buildtools --enable-lto --enable-target-optspace --without-long-double-128 --disable-nls --enable-multiarch --enable-languages=c,c++ --disable-libstdcxx-verbose --enable-threads=posix --enable-gcov-custom-rtio --enable-libstdcxx-time=yes
Thread model: posix
Supported LTO compression algorithms: zlib zstd
gcc version 13.2.0 (crosstool-NG esp-13.2.0_20240530) 
COLLECT_GCC_OPTIONS='-v' '-o' 'CMakeFiles/cmTC_8cab2.dir/CMakeCXXCompilerABI.cpp.o' '-c' '-dumpdir' 'CMakeFiles/cmTC_8cab2.dir/'
 /opt/xtensa-esp-elf/bin/../libexec/gcc/xtensa-esp-elf/13.2.0/cc1plus -quiet -v -iprefix /opt/xtensa-esp-elf/bin/../lib/gcc/xtensa-esp-elf/13.2.0/ -isysroot /opt/xtensa-esp-elf/bin/../xtensa-esp-elf /usr/share/cmake-3.22/Modules/CMakeCXXCompilerABI.cpp -quiet -dumpdir CMakeFiles/cmTC_8cab2.dir/ -dumpbase CMakeCXXCompilerABI.cpp.cpp -dumpbase-ext .cpp -version -o /tmp/ccqcxsap.s
GNU C++17 (crosstool-NG esp-13.2.0_20240530) version 13.2.0 (xtensa-esp-elf)
	compiled by GNU C version 4.9.2, GMP version 6.2.1, MPFR version 4.2.1, MPC version 1.2.1, isl version isl-0.26-GMP

GGC heuristics: --param ggc-min-expand=100 --param ggc-min-heapsize=131072
ignoring duplicate directory "/opt/xtensa-esp-elf/bin/../lib/gcc/../../lib/gcc/xtensa-esp-elf/13.2.0/../../../../xtensa-esp-elf/include/c++/13.2.0"
ignoring duplicate directory "/opt/xtensa-esp-elf/bin/../lib/gcc/../../lib/gcc/xtensa-esp-elf/13.2.0/../../../../xtensa-esp-elf/include/c++/13.2.0/xtensa-esp-elf"
ignoring duplicate directory "/opt/xtensa-esp-elf/bin/../lib/gcc/../../lib/gcc/xtensa-esp-elf/13.2.0/../../../../xtensa-esp-elf/include/c++/13.2.0/backward"
ignoring duplicate directory "/opt/xtensa-esp-elf/bin/../lib/gcc/../../lib/gcc/xtensa-esp-elf/13.2.0/include"
ignoring nonexistent directory "/opt/xtensa-esp-elf/bin/../xtensa-esp-elf/builds/idf/crosstool-NG/builds/xtensa-esp-elf/xtensa-esp-elf/include"
ignoring duplicate directory "/opt/xtensa-esp-elf/bin/../lib/gcc/../../lib/gcc/xtensa-esp-elf/13.2.0/include-fixed"
ignoring duplicate directory "/opt/xtensa-esp-elf/bin/../lib/gcc/../../lib/gcc/xtensa-esp-elf/13.2.0/../../../../xtensa-esp-elf/include"
ignoring duplicate directory "/opt/xtensa-esp-elf/bin/../xtensa-esp-elf/include"
#include "..." search starts here:
#include <...> search starts here:
 /opt/xtensa-esp-elf/bin/../lib/gcc/xtensa-esp-elf/13.2.0/../../../../xtensa-esp-elf/include/c++/13.2.0
 /opt/xtensa-esp-elf/bin/../lib/gcc/xtensa-esp-elf/13.2.0/../../../../xtensa-esp-elf/include/c++/13.2.0/xtensa-esp-elf
 /opt/xtensa-esp-elf/bin/../lib/gcc/xtensa-esp-elf/13.2.0/../../../../xtensa-esp-elf/include/c++/13.2.0/backward
 /opt/xtensa-esp-elf/bin/../lib/gcc/xtensa-esp-elf/13.2.0/include
 /opt/xtensa-esp-elf/bin/../lib/gcc/xtensa-esp-elf/13.2.0/include-fixed
 /opt/xtensa-esp-elf/bin/../lib/gcc/xtensa-esp-elf/13.2.0/../../../../xtensa-esp-elf/include
End of search list.
Compiler executable checksum: 3fdfce749ea544c745547228112e6d81
COLLECT_GCC_OPTIONS='-v' '-o' 'CMakeFiles/cmTC_8cab2.dir/CMakeCXXCompilerABI.cpp.o' '-c' '-dumpdir' 'CMakeFiles/cmTC_8cab2.dir/'
 /opt/xtensa-esp-elf/bin/../lib/gcc/xtensa-esp-elf/13.2.0/../../../../xtensa-esp-elf/bin/as --traditional-format -o CMakeFiles/cmTC_8cab2.dir/CMakeCXXCompilerABI.cpp.o /tmp/ccqcxsap.s
COMPILER_PATH=/opt/xtensa-esp-elf/bin/../libexec/gcc/xtensa-esp-elf/13.2.0/:/opt/xtensa-esp-elf/bin/../libexec/gcc/:/opt/xtensa-esp-elf/bin/../lib/gcc/xtensa-esp-elf/13.2.0/../../../../xtensa-esp-elf/bin/
LIBRARY_PATH=/opt/xtensa-esp-elf/bin/../lib/gcc/xtensa-esp-elf/13.2.0/:/opt/xtensa-esp-elf/bin/../lib/gcc/:/opt/xtensa-esp-elf/bin/../lib/gcc/xtensa-esp-elf/13.2.0/../../../../xtensa-esp-elf/lib/:/opt/xtensa-esp-elf/bin/../xtensa-esp-elf/lib/:/opt/xtensa-esp-elf/bin/../xtensa-esp-elf/usr/lib/
COLLECT_GCC_OPTIONS='-v' '-o' 'CMakeFiles/cmTC_8cab2.dir/CMakeCXXCompilerABI.cpp.o' '-c' '-dumpdir' 'CMakeFiles/cmTC_8cab2.dir/CMakeCXXCompilerABI.cpp.'
[2/2] Linking CXX executable cmTC_8cab2
Using built-in specs.
COLLECT_GCC=/opt/xtensa-esp-elf/bin/xtensa-esp-elf-g++
COLLECT_LTO_WRAPPER=/opt/xtensa-esp-elf/bin/../libexec/gcc/xtensa-esp-elf/13.2.0/lto-wrapper
Target: xtensa-esp-elf
Configured with: /builds/idf/crosstool-NG/.build/xtensa-esp-elf/src/gcc/configure --build=x86_64-build_pc-linux-gnu --host=x86_64-build_pc-linux-gnu --target=xtensa-esp-elf --prefix=/builds/idf/crosstool-NG/builds/xtensa-esp-elf --exec_prefix=/builds/idf/crosstool-NG/builds/xtensa-esp-elf --with-local-prefix=/builds/idf/crosstool-NG/builds/xtensa-esp-elf/xtensa-esp-elf --with-sysroot=/builds/idf/crosstool-NG/builds/xtensa-esp-elf/xtensa-esp-elf --with-native-system-header-dir=/include --with-newlib --enable-threads=no --disable-shared --with-pkgversion='crosstool-NG esp-13.2.0_20240530' --disable-__cxa_atexit --enable-cxx-flags=-ffunction-sections --disable-libgomp --disable-libmudflap --disable-libmpx --disable-libssp --disable-libquadmath --disable-libquadmath-support --disable-libstdcxx-verbose --with-gmp=/builds/idf/crosstool-NG/.build/xtensa-esp-elf/buildtools --with-mpfr=/builds/idf/crosstool-NG/.build/xtensa-esp-elf/buildtools --with-mpc=/builds/idf/crosstool-NG/.build/xtensa-esp-elf/buildtools --with-isl=/builds/idf/crosstool-NG/.build/xtensa-esp-elf/buildtools --enable-lto --enable-target-optspace --without-long-double-128 --disable-nls --enable-multiarch --enable-languages=c,c++ --disable-libstdcxx-verbose --enable-threads=posix --enable-gcov-custom-rtio --enable-libstdcxx-time=yes
Thread model: posix
Supported LTO compression algorithms: zlib zstd
gcc version 13.2.0 (crosstool-NG esp-13.2.0_20240530) 
COMPILER_PATH=/opt/xtensa-esp-elf/bin/../libexec/gcc/xtensa-esp-elf/13.2.0/:/opt/xtensa-esp-elf/bin/../libexec/gcc/:/opt/xtensa-esp-elf/bin/../lib/gcc/xtensa-esp-elf/13.2.0/../../../../xtensa-esp-elf/bin/
LIBRARY_PATH=/opt/xtensa-esp-elf/bin/../lib/gcc/xtensa-esp-elf/13.2.0/:/opt/xtensa-esp-elf/bin/../lib/gcc/:/opt/xtensa-esp-elf/bin/../lib/gcc/xtensa-esp-elf/13.2.0/../../../../xtensa-esp-elf/lib/:/opt/xtensa-esp-elf/bin/../xtensa-esp-elf/lib/:/opt/xtensa-esp-elf/bin/../xtensa-esp-elf/usr/lib/
COLLECT_GCC_OPTIONS='-v' '-o' 'cmTC_8cab2' '-dumpdir' 'cmTC_8cab2.'
 /opt/xtensa-esp-elf/bin/../libexec/gcc/xtensa-esp-elf/13.2.0/collect2 -plugin /opt/xtensa-esp-elf/bin/../libexec/gcc/xtensa-esp-elf/13.2.0/liblto_plugin.so -plugin-opt=/opt/xtensa-esp-elf/bin/../libexec/gcc/xtensa-esp-elf/13.2.0/lto-wrapper -plugin-opt=-fresolution=/tmp/ccwjb0HS.res -plugin-opt=-pass-through=-lgcc -plugin-opt=-pass-through=-lc -plugin-opt=-pass-through=-lnosys -plugin-opt=-pass-through=-lc -plugin-opt=-pass-through=-lgcc --sysroot=/opt/xtensa-esp-elf/bin/../xtensa-esp-elf -o cmTC_8cab2 /opt/xtensa-esp-elf/bin/../lib/gcc/xtensa-esp-elf/13.2.0/../../../../xtensa-esp-elf/lib/crt0.o /opt/xtensa-esp-elf/bin/../lib/gcc/xtensa-esp-elf/13.2.0/crti.o /opt/xtensa-esp-elf/bin/../lib/gcc/xtensa-esp-elf/13.2.0/crtbegin.o -L/opt/xtensa-esp-elf/bin/../lib/gcc/xtensa-esp-elf/13.2.0 -L/opt/xtensa-esp-elf/bin/../lib/gcc -L/opt/xtensa-esp-elf/bin/../lib/gcc/xtensa-esp-elf/13.2.0/../../../../xtensa-esp-elf/lib -L/opt/xtensa-esp-elf/bin/../xtensa-esp-elf/lib -L/opt/xtensa-esp-elf/bin/../xtensa-esp-elf/usr/lib CMakeFiles/cmTC_8cab2.dir/CMakeCXXCompilerABI.cpp.o -lstdc++ -lm -lgcc -lc -lnosys -lc -lgcc /opt/xtensa-esp-elf/bin/../lib/gcc/xtensa-esp-elf/13.2.0/crtend.o /opt/xtensa-esp-elf/bin/../lib/gcc/xtensa-esp-elf/13.2.0/crtn.o
COLLECT_GCC_OPTIONS='-v' '-o' 'cmTC_8cab2' '-dumpdir' 'cmTC_8cab2.'



Parsed CXX implicit include dir info from above output: rv=done
  found start of include info
  found start of implicit include info
    add: [/opt/xtensa-esp-elf/bin/../lib/gcc/xtensa-esp-elf/13.2.0/../../../../xtensa-esp-elf/include/c++/13.2.0]
    add: [/opt/xtensa-esp-elf/bin/../lib/gcc/xtensa-esp-elf/13.2.0/../../../../xtensa-esp-elf/include/c++/13.2.0/xtensa-esp-elf]
    add: [/opt/xtensa-esp-elf/bin/../lib/gcc/xtensa-esp-elf/13.2.0/../../../../xtensa-esp-elf/include/c++/13.2.0/backward]
    add: [/opt/xtensa-esp-elf/bin/../lib/gcc/xtensa-esp-elf/13.2.0/include]
    add: [/opt/xtensa-esp-elf/bin/../lib/gcc/xtensa-esp-elf/13.2.0/include-fixed]
    add: [/opt/xtensa-esp-elf/bin/../lib/gcc/xtensa-esp-elf/13.2.0/../../../../xtensa-esp-elf/include]
  end of search list found
  collapse include dir [/opt/xtensa-esp-elf/bin/../lib/gcc/xtensa-esp-elf/13.2.0/../../../../xtensa-esp-elf/include/c++/13.2.0] ==> [/opt/xtensa-esp-elf/xtensa-esp-elf/include/c++/13.2.0]
  collapse include dir [/opt/xtensa-esp-elf/bin/../lib/gcc/xtensa-esp-elf/13.2.0/../../../../xtensa-esp-elf/include/c++/13.2.0/xtensa-esp-elf] ==> [/opt/xtensa-esp-elf/xtensa-esp-elf/include/c++/13.2.0/xtensa-esp-elf]
  collapse include dir [/opt/xtensa-esp-elf/bin/../lib/gcc/xtensa-esp-elf/13.2.0/../../../../xtensa-esp-elf/include/c++/13.2.0/backward] ==> [/opt/xtensa-esp-elf/xtensa-esp-elf/include/c++/13.2.0/backward]
  collapse include dir [/opt/xtensa-esp-elf/bin/../lib/gcc/xtensa-esp-elf/13.2.0/include] ==> [/opt/xtensa-esp-elf/lib/gcc/xtensa-esp-elf/13.2.0/include]
  collapse include dir [/opt/xtensa-esp-elf/bin/../lib/gcc/xtensa-esp-elf/13.2.0/include-fixed] ==> [/opt/xtensa-esp-elf/lib/gcc/xtensa-esp-elf/13.2.0/include-fixed]
  collapse include dir [/opt/xtensa-esp-elf/bin/../lib/gcc/xtensa-esp-elf/13.2.0/../../../../xtensa-esp-elf/include] ==> [/opt/xtensa-esp-elf/xtensa-esp-elf/include]
  implicit include dirs: [/opt/xtensa-esp-elf/xtensa-esp-elf/include/c++/13.2.0;/opt/xtensa-esp-elf/xtensa-esp-elf/include/c++/13.2.0/xtensa-esp-elf;/opt/xtensa-esp-elf/xtensa-esp-elf/include/c++/13.2.0/backward;/opt/xtensa-esp-elf/lib/gcc/xtensa-esp-elf/13.2.0/include;/opt/xtensa-esp-elf/lib/gcc/xtensa-esp-elf/13.2.0/include-fixed;/opt/xtensa-esp-elf/xtensa-esp-elf/include]


Parsed CXX implicit link information from above output:
  link line regex: [^( *|.*[/\])(xtensa-esp-elf-ld|CMAKE_LINK_STARTFILE-NOTFOUND|([^/\]+-)?ld|collect2)[^/\]*( |$)]
  ignore line: [Change Dir: /home/yxh/ros2_ws/src/build/CMakeFiles/CMakeTmp]
  ignore line: []
  ignore line: [Run Build Command(s):/usr/bin/ninja cmTC_8cab2 && [1/2] Building CXX object CMakeFiles/cmTC_8cab2.dir/CMakeCXXCompilerABI.cpp.o]
  ignore line: [Using built-in specs.]
  ignore line: [COLLECT_GCC=/opt/xtensa-esp-elf/bin/xtensa-esp-elf-g++]
  ignore line: [Target: xtensa-esp-elf]
  ignore line: [Configured with: /builds/idf/crosstool-NG/.build/xtensa-esp-elf/src/gcc/configure --build=x86_64-build_pc-linux-gnu --host=x86_64-build_pc-linux-gnu --target=xtensa-esp-elf --prefix=/builds/idf/crosstool-NG/builds/xtensa-esp-elf --exec_prefix=/builds/idf/crosstool-NG/builds/xtensa-esp-elf --with-local-prefix=/builds/idf/crosstool-NG/builds/xtensa-esp-elf/xtensa-esp-elf --with-sysroot=/builds/idf/crosstool-NG/builds/xtensa-esp-elf/xtensa-esp-elf --with-native-system-header-dir=/include --with-newlib --enable-threads=no --disable-shared --with-pkgversion='crosstool-NG esp-13.2.0_20240530' --disable-__cxa_atexit --enable-cxx-flags=-ffunction-sections --disable-libgomp --disable-libmudflap --disable-libmpx --disable-libssp --disable-libquadmath --disable-libquadmath-support --disable-libstdcxx-verbose --with-gmp=/builds/idf/crosstool-NG/.build/xtensa-esp-elf/buildtools --with-mpfr=/builds/idf/crosstool-NG/.build/xtensa-esp-elf/buildtools --with-mpc=/builds/idf/crosstool-NG/.build/xtensa-esp-elf/buildtools --with-isl=/builds/idf/crosstool-NG/.build/xtensa-esp-elf/buildtools --enable-lto --enable-target-optspace --without-long-double-128 --disable-nls --enable-multiarch --enable-languages=c c++ --disable-libstdcxx-verbose --enable-threads=posix --enable-gcov-custom-rtio --enable-libstdcxx-time=yes]
  ignore line: [Thread model: posix]
  ignore line: [Supported LTO compression algorithms: zlib zstd]
  ignore line: [gcc version 13.2.0 (crosstool-NG esp-13.2.0_20240530) ]
  ignore line: [COLLECT_GCC_OPTIONS='-v' '-o' 'CMakeFiles/cmTC_8cab2.dir/CMakeCXXCompilerABI.cpp.o' '-c' '-dumpdir' 'CMakeFiles/cmTC_8cab2.dir/']
  ignore line: [ /opt/xtensa-esp-elf/bin/../libexec/gcc/xtensa-esp-elf/13.2.0/cc1plus -quiet -v -iprefix /opt/xtensa-esp-elf/bin/../lib/gcc/xtensa-esp-elf/13.2.0/ -isysroot /opt/xtensa-esp-elf/bin/../xtensa-esp-elf /usr/share/cmake-3.22/Modules/CMakeCXXCompilerABI.cpp -quiet -dumpdir CMakeFiles/cmTC_8cab2.dir/ -dumpbase CMakeCXXCompilerABI.cpp.cpp -dumpbase-ext .cpp -version -o /tmp/ccqcxsap.s]
  ignore line: [GNU C++17 (crosstool-NG esp-13.2.0_20240530) version 13.2.0 (xtensa-esp-elf)]
  ignore line: [	compiled by GNU C version 4.9.2  GMP version 6.2.1  MPFR version 4.2.1  MPC version 1.2.1  isl version isl-0.26-GMP]
  ignore line: []
  ignore line: [GGC heuristics: --param ggc-min-expand=100 --param ggc-min-heapsize=131072]
  ignore line: [ignoring duplicate directory "/opt/xtensa-esp-elf/bin/../lib/gcc/../../lib/gcc/xtensa-esp-elf/13.2.0/../../../../xtensa-esp-elf/include/c++/13.2.0"]
  ignore line: [ignoring duplicate directory "/opt/xtensa-esp-elf/bin/../lib/gcc/../../lib/gcc/xtensa-esp-elf/13.2.0/../../../../xtensa-esp-elf/include/c++/13.2.0/xtensa-esp-elf"]
  ignore line: [ignoring duplicate directory "/opt/xtensa-esp-elf/bin/../lib/gcc/../../lib/gcc/xtensa-esp-elf/13.2.0/../../../../xtensa-esp-elf/include/c++/13.2.0/backward"]
  ignore line: [ignoring duplicate directory "/opt/xtensa-esp-elf/bin/../lib/gcc/../../lib/gcc/xtensa-esp-elf/13.2.0/include"]
  ignore line: [ignoring nonexistent directory "/opt/xtensa-esp-elf/bin/../xtensa-esp-elf/builds/idf/crosstool-NG/builds/xtensa-esp-elf/xtensa-esp-elf/include"]
  ignore line: [ignoring duplicate directory "/opt/xtensa-esp-elf/bin/../lib/gcc/../../lib/gcc/xtensa-esp-elf/13.2.0/include-fixed"]
  ignore line: [ignoring duplicate directory "/opt/xtensa-esp-elf/bin/../lib/gcc/../../lib/gcc/xtensa-esp-elf/13.2.0/../../../../xtensa-esp-elf/include"]
  ignore line: [ignoring duplicate directory "/opt/xtensa-esp-elf/bin/../xtensa-esp-elf/include"]
  ignore line: [#include "..." search starts here:]
  ignore line: [#include <...> search starts here:]
  ignore line: [ /opt/xtensa-esp-elf/bin/../lib/gcc/xtensa-esp-elf/13.2.0/../../../../xtensa-esp-elf/include/c++/13.2.0]
  ignore line: [ /opt/xtensa-esp-elf/bin/../lib/gcc/xtensa-esp-elf/13.2.0/../../../../xtensa-esp-elf/include/c++/13.2.0/xtensa-esp-elf]
  ignore line: [ /opt/xtensa-esp-elf/bin/../lib/gcc/xtensa-esp-elf/13.2.0/../../../../xtensa-esp-elf/include/c++/13.2.0/backward]
  ignore line: [ /opt/xtensa-esp-elf/bin/../lib/gcc/xtensa-esp-elf/13.2.0/include]
  ignore line: [ /opt/xtensa-esp-elf/bin/../lib/gcc/xtensa-esp-elf/13.2.0/include-fixed]
  ignore line: [ /opt/xtensa-esp-elf/bin/../lib/gcc/xtensa-esp-elf/13.2.0/../../../../xtensa-esp-elf/include]
  ignore line: [End of search list.]
  ignore line: [Compiler executable checksum: 3fdfce749ea544c745547228112e6d81]
  ignore line: [COLLECT_GCC_OPTIONS='-v' '-o' 'CMakeFiles/cmTC_8cab2.dir/CMakeCXXCompilerABI.cpp.o' '-c' '-dumpdir' 'CMakeFiles/cmTC_8cab2.dir/']
  ignore line: [ /opt/xtensa-esp-elf/bin/../lib/gcc/xtensa-esp-elf/13.2.0/../../../../xtensa-esp-elf/bin/as --traditional-format -o CMakeFiles/cmTC_8cab2.dir/CMakeCXXCompilerABI.cpp.o /tmp/ccqcxsap.s]
  ignore line: [COMPILER_PATH=/opt/xtensa-esp-elf/bin/../libexec/gcc/xtensa-esp-elf/13.2.0/:/opt/xtensa-esp-elf/bin/../libexec/gcc/:/opt/xtensa-esp-elf/bin/../lib/gcc/xtensa-esp-elf/13.2.0/../../../../xtensa-esp-elf/bin/]
  ignore line: [LIBRARY_PATH=/opt/xtensa-esp-elf/bin/../lib/gcc/xtensa-esp-elf/13.2.0/:/opt/xtensa-esp-elf/bin/../lib/gcc/:/opt/xtensa-esp-elf/bin/../lib/gcc/xtensa-esp-elf/13.2.0/../../../../xtensa-esp-elf/lib/:/opt/xtensa-esp-elf/bin/../xtensa-esp-elf/lib/:/opt/xtensa-esp-elf/bin/../xtensa-esp-elf/usr/lib/]
  ignore line: [COLLECT_GCC_OPTIONS='-v' '-o' 'CMakeFiles/cmTC_8cab2.dir/CMakeCXXCompilerABI.cpp.o' '-c' '-dumpdir' 'CMakeFiles/cmTC_8cab2.dir/CMakeCXXCompilerABI.cpp.']
  ignore line: [[2/2] Linking CXX executable cmTC_8cab2]
  ignore line: [Using built-in specs.]
  ignore line: [COLLECT_GCC=/opt/xtensa-esp-elf/bin/xtensa-esp-elf-g++]
  ignore line: [COLLECT_LTO_WRAPPER=/opt/xtensa-esp-elf/bin/../libexec/gcc/xtensa-esp-elf/13.2.0/lto-wrapper]
  ignore line: [Target: xtensa-esp-elf]
  ignore line: [Configured with: /builds/idf/crosstool-NG/.build/xtensa-esp-elf/src/gcc/configure --build=x86_64-build_pc-linux-gnu --host=x86_64-build_pc-linux-gnu --target=xtensa-esp-elf --prefix=/builds/idf/crosstool-NG/builds/xtensa-esp-elf --exec_prefix=/builds/idf/crosstool-NG/builds/xtensa-esp-elf --with-local-prefix=/builds/idf/crosstool-NG/builds/xtensa-esp-elf/xtensa-esp-elf --with-sysroot=/builds/idf/crosstool-NG/builds/xtensa-esp-elf/xtensa-esp-elf --with-native-system-header-dir=/include --with-newlib --enable-threads=no --disable-shared --with-pkgversion='crosstool-NG esp-13.2.0_20240530' --disable-__cxa_atexit --enable-cxx-flags=-ffunction-sections --disable-libgomp --disable-libmudflap --disable-libmpx --disable-libssp --disable-libquadmath --disable-libquadmath-support --disable-libstdcxx-verbose --with-gmp=/builds/idf/crosstool-NG/.build/xtensa-esp-elf/buildtools --with-mpfr=/builds/idf/crosstool-NG/.build/xtensa-esp-elf/buildtools --with-mpc=/builds/idf/crosstool-NG/.build/xtensa-esp-elf/buildtools --with-isl=/builds/idf/crosstool-NG/.build/xtensa-esp-elf/buildtools --enable-lto --enable-target-optspace --without-long-double-128 --disable-nls --enable-multiarch --enable-languages=c c++ --disable-libstdcxx-verbose --enable-threads=posix --enable-gcov-custom-rtio --enable-libstdcxx-time=yes]
  ignore line: [Thread model: posix]
  ignore line: [Supported LTO compression algorithms: zlib zstd]
  ignore line: [gcc version 13.2.0 (crosstool-NG esp-13.2.0_20240530) ]
  ignore line: [COMPILER_PATH=/opt/xtensa-esp-elf/bin/../libexec/gcc/xtensa-esp-elf/13.2.0/:/opt/xtensa-esp-elf/bin/../libexec/gcc/:/opt/xtensa-esp-elf/bin/../lib/gcc/xtensa-esp-elf/13.2.0/../../../../xtensa-esp-elf/bin/]
  ignore line: [LIBRARY_PATH=/opt/xtensa-esp-elf/bin/../lib/gcc/xtensa-esp-elf/13.2.0/:/opt/xtensa-esp-elf/bin/../lib/gcc/:/opt/xtensa-esp-elf/bin/../lib/gcc/xtensa-esp-elf/13.2.0/../../../../xtensa-esp-elf/lib/:/opt/xtensa-esp-elf/bin/../xtensa-esp-elf/lib/:/opt/xtensa-esp-elf/bin/../xtensa-esp-elf/usr/lib/]
  ignore line: [COLLECT_GCC_OPTIONS='-v' '-o' 'cmTC_8cab2' '-dumpdir' 'cmTC_8cab2.']
  link line: [ /opt/xtensa-esp-elf/bin/../libexec/gcc/xtensa-esp-elf/13.2.0/collect2 -plugin /opt/xtensa-esp-elf/bin/../libexec/gcc/xtensa-esp-elf/13.2.0/liblto_plugin.so -plugin-opt=/opt/xtensa-esp-elf/bin/../libexec/gcc/xtensa-esp-elf/13.2.0/lto-wrapper -plugin-opt=-fresolution=/tmp/ccwjb0HS.res -plugin-opt=-pass-through=-lgcc -plugin-opt=-pass-through=-lc -plugin-opt=-pass-through=-lnosys -plugin-opt=-pass-through=-lc -plugin-opt=-pass-through=-lgcc --sysroot=/opt/xtensa-esp-elf/bin/../xtensa-esp-elf -o cmTC_8cab2 /opt/xtensa-esp-elf/bin/../lib/gcc/xtensa-esp-elf/13.2.0/../../../../xtensa-esp-elf/lib/crt0.o /opt/xtensa-esp-elf/bin/../lib/gcc/xtensa-esp-elf/13.2.0/crti.o /opt/xtensa-esp-elf/bin/../lib/gcc/xtensa-esp-elf/13.2.0/crtbegin.o -L/opt/xtensa-esp-elf/bin/../lib/gcc/xtensa-esp-elf/13.2.0 -L/opt/xtensa-esp-elf/bin/../lib/gcc -L/opt/xtensa-esp-elf/bin/../lib/gcc/xtensa-esp-elf/13.2.0/../../../../xtensa-esp-elf/lib -L/opt/xtensa-esp-elf/bin/../xtensa-esp-elf/lib -L/opt/xtensa-esp-elf/bin/../xtensa-esp-elf/usr/lib CMakeFiles/cmTC_8cab2.dir/CMakeCXXCompilerABI.cpp.o -lstdc++ -lm -lgcc -lc -lnosys -lc -lgcc /opt/xtensa-esp-elf/bin/../lib/gcc/xtensa-esp-elf/13.2.0/crtend.o /opt/xtensa-esp-elf/bin/../lib/gcc/xtensa-esp-elf/13.2.0/crtn.o]
    arg [/opt/xtensa-esp-elf/bin/../libexec/gcc/xtensa-esp-elf/13.2.0/collect2] ==> ignore
    arg [-plugin] ==> ignore
    arg [/opt/xtensa-esp-elf/bin/../libexec/gcc/xtensa-esp-elf/13.2.0/liblto_plugin.so] ==> ignore
    arg [-plugin-opt=/opt/xtensa-esp-elf/bin/../libexec/gcc/xtensa-esp-elf/13.2.0/lto-wrapper] ==> ignore
    arg [-plugin-opt=-fresolution=/tmp/ccwjb0HS.res] ==> ignore
    arg [-plugin-opt=-pass-through=-lgcc] ==> ignore
    arg [-plugin-opt=-pass-through=-lc] ==> ignore
    arg [-plugin-opt=-pass-through=-lnosys] ==> ignore
    arg [-plugin-opt=-pass-through=-lc] ==> ignore
    arg [-plugin-opt=-pass-through=-lgcc] ==> ignore
    arg [--sysroot=/opt/xtensa-esp-elf/bin/../xtensa-esp-elf] ==> ignore
    arg [-o] ==> ignore
    arg [cmTC_8cab2] ==> ignore
    arg [/opt/xtensa-esp-elf/bin/../lib/gcc/xtensa-esp-elf/13.2.0/../../../../xtensa-esp-elf/lib/crt0.o] ==> obj [/opt/xtensa-esp-elf/bin/../lib/gcc/xtensa-esp-elf/13.2.0/../../../../xtensa-esp-elf/lib/crt0.o]
    arg [/opt/xtensa-esp-elf/bin/../lib/gcc/xtensa-esp-elf/13.2.0/crti.o] ==> obj [/opt/xtensa-esp-elf/bin/../lib/gcc/xtensa-esp-elf/13.2.0/crti.o]
    arg [/opt/xtensa-esp-elf/bin/../lib/gcc/xtensa-esp-elf/13.2.0/crtbegin.o] ==> obj [/opt/xtensa-esp-elf/bin/../lib/gcc/xtensa-esp-elf/13.2.0/crtbegin.o]
    arg [-L/opt/xtensa-esp-elf/bin/../lib/gcc/xtensa-esp-elf/13.2.0] ==> dir [/opt/xtensa-esp-elf/bin/../lib/gcc/xtensa-esp-elf/13.2.0]
    arg [-L/opt/xtensa-esp-elf/bin/../lib/gcc] ==> dir [/opt/xtensa-esp-elf/bin/../lib/gcc]
    arg [-L/opt/xtensa-esp-elf/bin/../lib/gcc/xtensa-esp-elf/13.2.0/../../../../xtensa-esp-elf/lib] ==> dir [/opt/xtensa-esp-elf/bin/../lib/gcc/xtensa-esp-elf/13.2.0/../../../../xtensa-esp-elf/lib]
    arg [-L/opt/xtensa-esp-elf/bin/../xtensa-esp-elf/lib] ==> dir [/opt/xtensa-esp-elf/bin/../xtensa-esp-elf/lib]
    arg [-L/opt/xtensa-esp-elf/bin/../xtensa-esp-elf/usr/lib] ==> dir [/opt/xtensa-esp-elf/bin/../xtensa-esp-elf/usr/lib]
    arg [CMakeFiles/cmTC_8cab2.dir/CMakeCXXCompilerABI.cpp.o] ==> ignore
    arg [-lstdc++] ==> lib [stdc++]
    arg [-lm] ==> lib [m]
    arg [-lgcc] ==> lib [gcc]
    arg [-lc] ==> lib [c]
    arg [-lnosys] ==> lib [nosys]
    arg [-lc] ==> lib [c]
    arg [-lgcc] ==> lib [gcc]
    arg [/opt/xtensa-esp-elf/bin/../lib/gcc/xtensa-esp-elf/13.2.0/crtend.o] ==> obj [/opt/xtensa-esp-elf/bin/../lib/gcc/xtensa-esp-elf/13.2.0/crtend.o]
    arg [/opt/xtensa-esp-elf/bin/../lib/gcc/xtensa-esp-elf/13.2.0/crtn.o] ==> obj [/opt/xtensa-esp-elf/bin/../lib/gcc/xtensa-esp-elf/13.2.0/crtn.o]
  collapse obj [/opt/xtensa-esp-elf/bin/../lib/gcc/xtensa-esp-elf/13.2.0/../../../../xtensa-esp-elf/lib/crt0.o] ==> [/opt/xtensa-esp-elf/xtensa-esp-elf/lib/crt0.o]
  collapse obj [/opt/xtensa-esp-elf/bin/../lib/gcc/xtensa-esp-elf/13.2.0/crti.o] ==> [/opt/xtensa-esp-elf/lib/gcc/xtensa-esp-elf/13.2.0/crti.o]
  collapse obj [/opt/xtensa-esp-elf/bin/../lib/gcc/xtensa-esp-elf/13.2.0/crtbegin.o] ==> [/opt/xtensa-esp-elf/lib/gcc/xtensa-esp-elf/13.2.0/crtbegin.o]
  collapse obj [/opt/xtensa-esp-elf/bin/../lib/gcc/xtensa-esp-elf/13.2.0/crtend.o] ==> [/opt/xtensa-esp-elf/lib/gcc/xtensa-esp-elf/13.2.0/crtend.o]
  collapse obj [/opt/xtensa-esp-elf/bin/../lib/gcc/xtensa-esp-elf/13.2.0/crtn.o] ==> [/opt/xtensa-esp-elf/lib/gcc/xtensa-esp-elf/13.2.0/crtn.o]
  collapse library dir [/opt/xtensa-esp-elf/bin/../lib/gcc/xtensa-esp-elf/13.2.0] ==> [/opt/xtensa-esp-elf/lib/gcc/xtensa-esp-elf/13.2.0]
  collapse library dir [/opt/xtensa-esp-elf/bin/../lib/gcc] ==> [/opt/xtensa-esp-elf/lib/gcc]
  collapse library dir [/opt/xtensa-esp-elf/bin/../lib/gcc/xtensa-esp-elf/13.2.0/../../../../xtensa-esp-elf/lib] ==> [/opt/xtensa-esp-elf/xtensa-esp-elf/lib]
  collapse library dir [/opt/xtensa-esp-elf/bin/../xtensa-esp-elf/lib] ==> [/opt/xtensa-esp-elf/xtensa-esp-elf/lib]
  collapse library dir [/opt/xtensa-esp-elf/bin/../xtensa-esp-elf/usr/lib] ==> [/opt/xtensa-esp-elf/xtensa-esp-elf/usr/lib]
  implicit libs: [stdc++;m;gcc;c;nosys;c;gcc]
  implicit objs: [/opt/xtensa-esp-elf/xtensa-esp-elf/lib/crt0.o;/opt/xtensa-esp-elf/lib/gcc/xtensa-esp-elf/13.2.0/crti.o;/opt/xtensa-esp-elf/lib/gcc/xtensa-esp-elf/13.2.0/crtbegin.o;/opt/xtensa-esp-elf/lib/gcc/xtensa-esp-elf/13.2.0/crtend.o;/opt/xtensa-esp-elf/lib/gcc/xtensa-esp-elf/13.2.0/crtn.o]
  implicit dirs: [/opt/xtensa-esp-elf/lib/gcc/xtensa-esp-elf/13.2.0;/opt/xtensa-esp-elf/lib/gcc;/opt/xtensa-esp-elf/xtensa-esp-elf/lib;/opt/xtensa-esp-elf/xtensa-esp-elf/usr/lib]
  implicit fwks: []


